 WARNING: Negative value(s) found on probability table for nuclide Ar36 at 250K
 WARNING: Negative value(s) found on probability table for nuclide Ar36 at 294K
 WARNING: Negative value(s) found on probability table for nuclide Ar36 at 600K
 WARNING: Negative value(s) found on probability table for nuclide Ar36 at 900K
 WARNING: Negative value(s) found on probability table for nuclide Ar36 at 1200K
 WARNING: Negative value(s) found on probability table for nuclide Ar36 at 2500K
 WARNING: Particle filter is not used with photon transport on and current
          score.
 WARNING: Particle filter is not used with photon transport on and current
          score.
 WARNING: Particle filter is not used with photon transport on and flux score.
 WARNING: Particle filter is not used with photon transport on and flux score.
 WARNING: Particle filter is not used with photon transport on and flux score.
 WARNING: Particle filter is not used with photon transport on and absorption
          score.
 WARNING: Particle filter is not used with photon transport on and flux score.
 WARNING: Particle filter is not used with photon transport on and current
          score.
 WARNING: Particle filter is not used with photon transport on and current
          score.
 WARNING: Particle filter is not used with photon transport on and flux score.
 WARNING: Particle filter is not used with photon transport on and flux score.
 WARNING: Particle filter is not used with photon transport on and flux score.
 WARNING: Particle filter is not used with photon transport on and absorption
          score.
 WARNING: Particle filter is not used with photon transport on and flux score.
 WARNING: Particle filter is not used with photon transport on and current
          score.
 WARNING: Particle filter is not used with photon transport on and current
          score.
 WARNING: Particle filter is not used with photon transport on and flux score.
 WARNING: Particle filter is not used with photon transport on and flux score.
 WARNING: Particle filter is not used with photon transport on and flux score.
 WARNING: Particle filter is not used with photon transport on and absorption
          score.
 WARNING: Particle filter is not used with photon transport on and flux score.
 WARNING: Particle filter is not used with photon transport on and current
          score.
 WARNING: Particle filter is not used with photon transport on and current
          score.
 WARNING: Particle filter is not used with photon transport on and flux score.
 WARNING: Particle filter is not used with photon transport on and flux score.
 WARNING: Particle filter is not used with photon transport on and flux score.
 WARNING: Particle filter is not used with photon transport on and absorption
          score.
 WARNING: Particle filter is not used with photon transport on and flux score.
 WARNING: Particle 306253 underwent maximum number of events.
 WARNING: Particle 343757 underwent maximum number of events.
 WARNING: Particle 75032 underwent maximum number of events.
 WARNING: Particle 175037 underwent maximum number of events.
 WARNING: Particle 362518 underwent maximum number of events.
 WARNING: Particle 450028 underwent maximum number of events.
 WARNING: Particle 493778 underwent maximum number of events.
 WARNING: Particle 362540 underwent maximum number of events.
 WARNING: Particle 450086 underwent maximum number of events.
 WARNING: Particle 218758 underwent maximum number of events.
 WARNING: Particle 100034 underwent maximum number of events.
 WARNING: Particle 212503 underwent maximum number of events.
 WARNING: Particle 181274 underwent maximum number of events.
 WARNING: Particle 218774 underwent maximum number of events.
 WARNING: Particle 375008 underwent maximum number of events.
 WARNING: Particle 181300 underwent maximum number of events.
 WARNING: Particle 168756 underwent maximum number of events.
 WARNING: Particle 187511 underwent maximum number of events.
 WARNING: Particle 143755 underwent maximum number of events.
 WARNING: Particle 162540 underwent maximum number of events.
 WARNING: Particle 6255 underwent maximum number of events.
 WARNING: Particle 68761 underwent maximum number of events.
 WARNING: Particle 481259 underwent maximum number of events.
 WARNING: Particle 418755 underwent maximum number of events.
 WARNING: Particle 87525 underwent maximum number of events.
 WARNING: Particle 331259 underwent maximum number of events.
 WARNING: Particle 312503 underwent maximum number of events.
 WARNING: Particle 12525 underwent maximum number of events.
 WARNING: Particle 18767 underwent maximum number of events.
 WARNING: Particle 268773 underwent maximum number of events.
 WARNING: Particle 368791 underwent maximum number of events.
 WARNING: Particle 318760 underwent maximum number of events.
 WARNING: Particle 475005 underwent maximum number of events.
 WARNING: Particle 437524 underwent maximum number of events.
 WARNING: Particle 300036 underwent maximum number of events.
 WARNING: Particle 462527 underwent maximum number of events.
 WARNING: Particle 200013 underwent maximum number of events.
 WARNING: Particle 431269 underwent maximum number of events.
 WARNING: Particle 400036 underwent maximum number of events.
 WARNING: Particle 243767 underwent maximum number of events.
 WARNING: Particle 225025 underwent maximum number of events.
 WARNING: Particle 31266 underwent maximum number of events.
 WARNING: Particle 43756 underwent maximum number of events.
 WARNING: Particle 62505 underwent maximum number of events.
 WARNING: Particle 293751 underwent maximum number of events.
 WARNING: Particle 468792 underwent maximum number of events.
 WARNING: Particle 287521 underwent maximum number of events.
 WARNING: Particle 393768 underwent maximum number of events.
 WARNING: Particle 325025 underwent maximum number of events.
 WARNING: Particle 406285 underwent maximum number of events.
 WARNING: Particle 25022 underwent maximum number of events.
 WARNING: Particle 387505 underwent maximum number of events.
 WARNING: Particle 256251 underwent maximum number of events.
 WARNING: Particle 93766 underwent maximum number of events.
 WARNING: Particle 56286 underwent maximum number of events.
 WARNING: Particle 106271 underwent maximum number of events.
 WARNING: Particle 37507 underwent maximum number of events.
 WARNING: Particle 412510 underwent maximum number of events.
 WARNING: Particle 150002 underwent maximum number of events.
 WARNING: Particle 262521 underwent maximum number of events.
 WARNING: Particle 337523 underwent maximum number of events.
 WARNING: Particle 237506 underwent maximum number of events.
 WARNING: Particle 456261 underwent maximum number of events.
 WARNING: Particle 112512 underwent maximum number of events.
 WARNING: Particle 487520 underwent maximum number of events.
 WARNING: Particle 381274 underwent maximum number of events.
 WARNING: Particle 443772 underwent maximum number of events.
 WARNING: Particle 281288 underwent maximum number of events.
 WARNING: Particle 356324 underwent maximum number of events.
 WARNING: Particle 425049 underwent maximum number of events.
 WARNING: Particle 275077 underwent maximum number of events.
 WARNING: Particle 131259 underwent maximum number of events.
 WARNING: Particle 156259 underwent maximum number of events.
 WARNING: Particle 206270 underwent maximum number of events.
 WARNING: Particle 162546 underwent maximum number of events.
 WARNING: Particle 81261 underwent maximum number of events.
 WARNING: Particle 50015 underwent maximum number of events.
 WARNING: Particle 118759 underwent maximum number of events.
 WARNING: Particle 493826 underwent maximum number of events.
 WARNING: Particle 193755 underwent maximum number of events.
 WARNING: Particle 231264 underwent maximum number of events.
 WARNING: Particle 137508 underwent maximum number of events.
 WARNING: Particle 350039 underwent maximum number of events.
 WARNING: Particle 56307 underwent maximum number of events.
 WARNING:  WARNING: Particle 75078 underwent maximum number of events.
Particle 412510 underwent maximum number of events.
 WARNING: Particle 237521 underwent maximum number of events.
 WARNING: Particle 26 underwent maximum number of events.
 WARNING: Particle 175066 underwent maximum number of events.
 WARNING: Particle 450088 underwent maximum number of events.
 WARNING: Particle 250052 underwent maximum number of events.
 WARNING: Particle 125003 underwent maximum number of events.
 WARNING: Particle 343786 underwent maximum number of events.
 WARNING: Particle 306323 underwent maximum number of events.
 WARNING: Particle 156268 underwent maximum number of events.
 WARNING: Particle 375020 underwent maximum number of events.
 WARNING: Particle 187557 underwent maximum number of events.
 WARNING: Particle 362585 underwent maximum number of events.
 WARNING: Particle 212511 underwent maximum number of events.
 WARNING: Particle 150003 underwent maximum number of events.
 WARNING: Particle 100035 underwent maximum number of events.
 WARNING: Particle 218827 underwent maximum number of events.
 WARNING: Particle 331266 underwent maximum number of events.
 WARNING: Particle 412532 underwent maximum number of events.
 WARNING: Particle 368795 underwent maximum number of events.
 WARNING: Particle 12586 underwent maximum number of events.
 WARNING: Particle 468797 underwent maximum number of events.
 WARNING: Particle 168790 underwent maximum number of events.
 WARNING: Particle 68767 underwent maximum number of events.
 WARNING:  WARNING: Particle 181380 underwent maximum number of events.
Particle 87529 underwent maximum number of events.
 WARNING: Particle 6266 underwent maximum number of events.
 WARNING: Particle 243791 underwent maximum number of events.
 WARNING: Particle 312621 underwent maximum number of events.
 WARNING: Particle 293757 underwent maximum number of events.
 WARNING: Particle 43761 underwent maximum number of events.
 WARNING: Particle 143757 underwent maximum number of events.
 WARNING: Particle 387514 underwent maximum number of events.
 WARNING: Particle 437535 underwent maximum number of events.
 WARNING: Particle 62568 underwent maximum number of events.
 WARNING: Particle 318763 underwent maximum number of events.
 WARNING: Particle 475056 underwent maximum number of events.
 WARNING: Particle 268796 underwent maximum number of events.
 WARNING: Particle 18780 underwent maximum number of events.
 WARNING: Particle 256302 underwent maximum number of events.
 WARNING: Particle 462610 underwent maximum number of events.
 WARNING: Particle 262553 underwent maximum number of events.
 WARNING: Particle 481335 underwent maximum number of events.
 WARNING: Particle 50051 underwent maximum number of events.
 WARNING: Particle 418826 underwent maximum number of events.
 WARNING: Particle 456323 underwent maximum number of events.
 WARNING: Particle 125042 underwent maximum number of events.
 WARNING: Particle 206281 underwent maximum number of events.
 WARNING: Particle 287535 underwent maximum number of events.
 WARNING: Particle 106290 underwent maximum number of events.
 WARNING: Particle 162556 underwent maximum number of events.
 WARNING: Particle 493843 underwent maximum number of events.
 WARNING: Particle 406325 underwent maximum number of events.
 WARNING: Particle 431374 underwent maximum number of events.
 WARNING: Particle 356460 underwent maximum number of events.
 WARNING: Particle 93792 underwent maximum number of events.
 WARNING: Particle 37532 underwent maximum number of events.
 WARNING: Particle 393792 underwent maximum number of events.
 WARNING: Particle 487531 underwent maximum number of events.
 WARNING: Particle 300094 underwent maximum number of events.
 WARNING: Particle 400061 underwent maximum number of events.
 WARNING:  WARNING: Particle 325060 underwent maximum number of events.
Particle 25023 underwent maximum number of events.
 WARNING: Particle 31342 underwent maximum number of events.
 WARNING: Particle 137544 underwent maximum number of events.
 WARNING: Particle 475066 underwent maximum number of events.
 WARNING: Particle 112546 underwent maximum number of events.
 WARNING: Particle 225095 underwent maximum number of events.
 WARNING: Particle 131271 underwent maximum number of events.
 WARNING: Particle 81266 underwent maximum number of events.
 WARNING: Particle 181394 underwent maximum number of events.
 WARNING: Particle 337531 underwent maximum number of events.
 WARNING:  WARNING: Particle 18840 underwent maximum number of events.
 WARNING:  WARNING: Particle 443821 underwent maximum number of events.
Particle 281307 underwent maximum number of events.
Particle 200118 underwent maximum number of events.
 WARNING: Particle 150012 underwent maximum number of events.
 WARNING: Particle 237548 underwent maximum number of events.
 WARNING: Particle 175080 underwent maximum number of events.
 WARNING: Particle 381276 underwent maximum number of events.
 WARNING: Particle 275106 underwent maximum number of events.
 WARNING: Particle 425128 underwent maximum number of events.
 WARNING: Particle 118810 underwent maximum number of events.
 WARNING: Particle 193760 underwent maximum number of events.
 WARNING: Particle 450150 underwent maximum number of events.
 WARNING: Particle 350051 underwent maximum number of events.
 WARNING: Particle 56373 underwent maximum number of events.
 WARNING: Particle 75098 underwent maximum number of events.
 WARNING: Particle 343793 underwent maximum number of events.
 WARNING: Particle 393825 underwent maximum number of events.
 WARNING: Particle 325083 underwent maximum number of events.
 WARNING: Particle 231324 underwent maximum number of events.
 WARNING: Particle 306325 underwent maximum number of events.
 WARNING: Particle 425139 underwent maximum number of events.
 WARNING: Particle 118851 underwent maximum number of events.
 WARNING: Particle 187563 underwent maximum number of events.
 WARNING: Particle 156297 underwent maximum number of events.
 WARNING: Particle 306334 underwent maximum number of events.
 WARNING: Particle 368807 underwent maximum number of events.
 WARNING: Particle 68804 underwent maximum number of events.
 WARNING: Particle 362601 underwent maximum number of events.
 WARNING: Particle 387521 underwent maximum number of events.
 WARNING: Particle 212525 underwent maximum number of events.
 WARNING: Particle 63 underwent maximum number of events.
 WARNING: Particle 375022 underwent maximum number of events.
 WARNING: Particle 331286 underwent maximum number of events.
 WARNING: Particle 100061 underwent maximum number of events.
 WARNING: Particle 300112 underwent maximum number of events.
 WARNING: Particle 250066 underwent maximum number of events.
 WARNING: Particle 150025 underwent maximum number of events.
 WARNING: Particle 412548 underwent maximum number of events.
 WARNING: Particle 218878 underwent maximum number of events.
 WARNING: Particle 443825 underwent maximum number of events.
 WARNING: Particle 87552 underwent maximum number of events.
 WARNING: Particle 62570 underwent maximum number of events.
 WARNING: Particle 168792 underwent maximum number of events.
 WARNING: Particle 268817 underwent maximum number of events.
 WARNING: Particle 12594 underwent maximum number of events.
 WARNING: Particle 143870 underwent maximum number of events.
 WARNING: Particle 6304 underwent maximum number of events.
 WARNING: Particle 456339 underwent maximum number of events.
 WARNING: Particle 218880 underwent maximum number of events.
 WARNING: Particle 43776 underwent maximum number of events.
 WARNING: Particle 312651 underwent maximum number of events.
 WARNING: Particle 468888 underwent maximum number of events.
 WARNING: Particle 318787 underwent maximum number of events.
 WARNING: Particle 293797 underwent maximum number of events.
 WARNING: Particle 487551 underwent maximum number of events.
 WARNING: Particle 112551 underwent maximum number of events.
 WARNING: Particle 437605 underwent maximum number of events.
 WARNING: Particle 418857 underwent maximum number of events.
 WARNING: Particle 262586 underwent maximum number of events.
 WARNING: Particle 137581 underwent maximum number of events.
 WARNING: Particle 31382 underwent maximum number of events.
 WARNING: Particle 481402 underwent maximum number of events.
 WARNING: Particle 243838 underwent maximum number of events.
 WARNING: Particle 50121 underwent maximum number of events.
 WARNING: Particle 200156 underwent maximum number of events.
 WARNING: Particle 337535 underwent maximum number of events.
 WARNING:  WARNING: Particle 93807 underwent maximum number of events.Particle 256373 underwent maximum number of events.

 WARNING: Particle 162560 underwent maximum number of events.
 WARNING: Particle 106313 underwent maximum number of events.
 WARNING: Particle 175102 underwent maximum number of events.
 WARNING:  WARNING: Particle 400063 underwent maximum number of events.
Particle 287548 underwent maximum number of events.
 WARNING: Particle 37545 underwent maximum number of events.
 WARNING: Particle 406356 underwent maximum number of events.
 WARNING: Particle 431378 underwent maximum number of events.
 WARNING: Particle 475069 underwent maximum number of events.
 WARNING: Particle 206282 underwent maximum number of events.
 WARNING:  WARNING: Particle 462647 underwent maximum number of events.
Particle 131293 underwent maximum number of events.
 WARNING: Particle 325084 underwent maximum number of events.
 WARNING: Particle 225195 underwent maximum number of events.
 WARNING: Particle 25051 underwent maximum number of events.
 WARNING:  WARNING: Particle 100067 underwent maximum number of events.
 WARNING: Particle 181408 underwent maximum number of events.Particle 356474 underwent maximum number of events.

 WARNING: Particle 193767 underwent maximum number of events.
 WARNING: Particle 237570 underwent maximum number of events.
 WARNING: Particle 494047 underwent maximum number of events.
 WARNING: Particle 381288 underwent maximum number of events.
 WARNING: Particle 350053 underwent maximum number of events.
 WARNING: Particle 393837 underwent maximum number of events.
 WARNING: Particle 81306 underwent maximum number of events.
 WARNING: Particle 18861 underwent maximum number of events.
 WARNING: Particle 56414 underwent maximum number of events.
 WARNING: Particle 275171 underwent maximum number of events.
 WARNING: Particle 75112 underwent maximum number of events.
 WARNING: Particle 281340 underwent maximum number of events.
 WARNING: Particle 118877 underwent maximum number of events.
 WARNING: Particle 343810 underwent maximum number of events.
 WARNING: Particle 231387 underwent maximum number of events.
 WARNING: Particle 225200 underwent maximum number of events.
 WARNING: Particle 450163 underwent maximum number of events.
 WARNING: Particle 425186 underwent maximum number of events.
 WARNING: Particle 393887 underwent maximum number of events.
 WARNING: Particle 362602 underwent maximum number of events.
 WARNING: Particle 68848 underwent maximum number of events.
 WARNING: Particle 387551 underwent maximum number of events.
 WARNING: Particle 306400 underwent maximum number of events.
 WARNING: Particle 212547 underwent maximum number of events.
 WARNING: Particle 187569 underwent maximum number of events.
 WARNING: Particle 250108 underwent maximum number of events.
 WARNING: Particle 125080 underwent maximum number of events.
 WARNING: Particle 231467 underwent maximum number of events.
 WARNING: Particle 43838 underwent maximum number of events.
 WARNING: Particle 318802 underwent maximum number of events.
 WARNING: Particle 156318 underwent maximum number of events.
 WARNING: Particle 368842 underwent maximum number of events.
 WARNING: Particle 331316 underwent maximum number of events.
 WARNING: Particle 300113 underwent maximum number of events.
 WARNING: Particle 87554 underwent maximum number of events.
 WARNING: Particle 150092 underwent maximum number of events.
 WARNING: Particle 268839 underwent maximum number of events.
 WARNING: Particle 443877 underwent maximum number of events.
 WARNING: Particle 456359 underwent maximum number of events.
 WARNING: Particle 143947 underwent maximum number of events.
 WARNING: Particle 62574 underwent maximum number of events.
 WARNING: Particle 293810 underwent maximum number of events.
 WARNING: Particle 87567 underwent maximum number of events.
 WARNING: Particle 6306 underwent maximum number of events.
 WARNING: Particle 112565 underwent maximum number of events.
 WARNING: Particle 218893 underwent maximum number of events.
 WARNING: Particle 412628 underwent maximum number of events.
 WARNING: Particle 93816 underwent maximum number of events.
 WARNING: Particle 86 underwent maximum number of events.
 WARNING: Particle 106320 underwent maximum number of events.
 WARNING: Particle 312659 underwent maximum number of events.
 WARNING: Particle 12596 underwent maximum number of events.
 WARNING: Particle 362615 underwent maximum number of events.
 WARNING: Particle 168944 underwent maximum number of events.
 WARNING: Particle 256434 underwent maximum number of events.
 WARNING: Particle 475079 underwent maximum number of events.
 WARNING: Particle 137599 underwent maximum number of events.
 WARNING: Particle 375057 underwent maximum number of events.
 WARNING:  WARNING: Particle 406390 underwent maximum number of events.
Particle 50156 underwent maximum number of events.
 WARNING: Particle 337655 underwent maximum number of events.
 WARNING: Particle 262591 underwent maximum number of events.
 WARNING: Particle 31391 underwent maximum number of events.
 WARNING: Particle 468912 underwent maximum number of events.
 WARNING: Particle 325107 underwent maximum number of events.
 WARNING: Particle 200156 underwent maximum number of events.
 WARNING: Particle 418900 underwent maximum number of events.
 WARNING: Particle 162602 underwent maximum number of events.
 WARNING: Particle 487563 underwent maximum number of events.
 WARNING: Particle 243861 underwent maximum number of events.
 WARNING: Particle 100104 underwent maximum number of events.
 WARNING: Particle 437652 underwent maximum number of events.
 WARNING: Particle 462662 underwent maximum number of events.
 WARNING: Particle 206288 underwent maximum number of events.
 WARNING: Particle 237603 underwent maximum number of events.
 WARNING: Particle 287553 underwent maximum number of events.
 WARNING: Particle 175153 underwent maximum number of events.
 WARNING: Particle 481416 underwent maximum number of events.
 WARNING: Particle 312694 underwent maximum number of events.
 WARNING: Particle 81363 underwent maximum number of events.
 WARNING: Particle 37637 underwent maximum number of events.
 WARNING: Particle 50177 underwent maximum number of events.
 WARNING: Particle 25091 underwent maximum number of events.
 WARNING: Particle 356500 underwent maximum number of events.
 WARNING: Particle 400074 underwent maximum number of events.
 WARNING: Particle 262598 underwent maximum number of events.
 WARNING: Particle 250112 underwent maximum number of events.
 WARNING: Particle 431396 underwent maximum number of events.
 WARNING: Particle 193768 underwent maximum number of events.
 WARNING: Particle 131324 underwent maximum number of events.
 WARNING: Particle 350113 underwent maximum number of events.
 WARNING: Particle 275180 underwent maximum number of events.
 WARNING: Particle 494052 underwent maximum number of events.
 WARNING: Particle 18866 underwent maximum number of events.
 WARNING: Particle 75114 underwent maximum number of events.
 WARNING: Particle 56457 underwent maximum number of events.
 WARNING: Particle 118913 underwent maximum number of events.
 WARNING: Particle 381321 underwent maximum number of events.
 WARNING: Particle 181451 underwent maximum number of events.
 WARNING: Particle 343823 underwent maximum number of events.
 WARNING: Particle 387597 underwent maximum number of events.
 WARNING: Particle 206304 underwent maximum number of events.
 WARNING: Particle 281340 underwent maximum number of events.
 WARNING: Particle 400094 underwent maximum number of events.
 WARNING: Particle 187570 underwent maximum number of events.
 WARNING: Particle 450193 underwent maximum number of events.
 WARNING: Particle 43845 underwent maximum number of events.
 WARNING: Particle 225241 underwent maximum number of events.
 WARNING: Particle 431420 underwent maximum number of events.
 WARNING: Particle 494062 underwent maximum number of events.
 WARNING: Particle 218937 underwent maximum number of events.
 WARNING: Particle 425187 underwent maximum number of events.
 WARNING: Particle 306406 underwent maximum number of events.
 WARNING: Particle 231496 underwent maximum number of events.
 WARNING: Particle 393956 underwent maximum number of events.
 WARNING: Particle 206317 underwent maximum number of events.
 WARNING: Particle 156463 underwent maximum number of events.
 WARNING: Particle 212576 underwent maximum number of events.
 WARNING: Particle 281407 underwent maximum number of events.
 WARNING: Particle 68853 underwent maximum number of events.
 WARNING: Particle 343841 underwent maximum number of events.
 WARNING: Particle 331318 underwent maximum number of events.
 WARNING: Particle 431451 underwent maximum number of events.
 WARNING: Particle 256472 underwent maximum number of events.
 WARNING: Particle 425195 underwent maximum number of events.
 WARNING: Particle 368952 underwent maximum number of events.
 WARNING: Particle 318857 underwent maximum number of events.
 WARNING: Particle 300158 underwent maximum number of events.
 WARNING: Particle 150106 underwent maximum number of events.
 WARNING: Particle 375065 underwent maximum number of events.
 WARNING: Particle 325159 underwent maximum number of events.
 WARNING: Particle 443883 underwent maximum number of events.
 WARNING: Particle 68886 underwent maximum number of events.
 WARNING: Particle 175180 underwent maximum number of events.
 WARNING: Particle 281471 underwent maximum number of events.
 WARNING: Particle 62583 underwent maximum number of events.
 WARNING: Particle 350135 underwent maximum number of events.
 WARNING: Particle 293942 underwent maximum number of events.
 WARNING: Particle 143974 underwent maximum number of events.
 WARNING: Particle 6362 underwent maximum number of events.
 WARNING: Particle 268839 underwent maximum number of events.
 WARNING: Particle 168945 underwent maximum number of events.
 WARNING: Particle 456362 underwent maximum number of events.
 WARNING: Particle 181456 underwent maximum number of events.
 WARNING: Particle 87587 underwent maximum number of events.
 WARNING: Particle 112566 underwent maximum number of events.
 WARNING: Particle 475115 underwent maximum number of events.
 WARNING: Particle 106331 underwent maximum number of events.
 WARNING: Particle 93818 underwent maximum number of events.
 WARNING: Particle 125082 underwent maximum number of events.
 WARNING: Particle 362616 underwent maximum number of events.
 WARNING: Particle 468985 underwent maximum number of events.
 WARNING: Particle 243867 underwent maximum number of events.
 WARNING: Particle 162614 underwent maximum number of events.
 WARNING: Particle 12656 underwent maximum number of events.
 WARNING: Particle 337741 underwent maximum number of events.
 WARNING: Particle 250128 underwent maximum number of events.
 WARNING: Particle 462681 underwent maximum number of events.
 WARNING: Particle 406392 underwent maximum number of events.
 WARNING: Particle 494085 underwent maximum number of events.
 WARNING: Particle 293986 underwent maximum number of events.
 WARNING: Particle 6384 underwent maximum number of events.
 WARNING: Particle 144025 underwent maximum number of events.
 WARNING: Particle 168962 underwent maximum number of events.
 WARNING: Particle 137613 underwent maximum number of events.
 WARNING: Particle 412648 underwent maximum number of events.
 WARNING: Particle 31417 underwent maximum number of events.
 WARNING: Particle 100132 underwent maximum number of events.
 WARNING: Particle 487584 underwent maximum number of events.
 WARNING: Particle 200180 underwent maximum number of events.
 WARNING: Particle 150109 underwent maximum number of events.
 WARNING: Particle 50186 underwent maximum number of events.
 WARNING: Particle 131333 underwent maximum number of events.
 WARNING: Particle 481449 underwent maximum number of events.
 WARNING: Particle 418917 underwent maximum number of events.
 WARNING: Particle 81378 underwent maximum number of events.
 WARNING: Particle 469008 underwent maximum number of events.
 WARNING: Particle 437654 underwent maximum number of events.
 WARNING: Particle 237611 underwent maximum number of events.
 WARNING: Particle 287563 underwent maximum number of events.
 WARNING: Particle 337766 underwent maximum number of events.
 WARNING: Particle 118933 underwent maximum number of events.
 WARNING: Particle 312698 underwent maximum number of events.
 WARNING: Particle 356524 underwent maximum number of events.
 WARNING: Particle 487592 underwent maximum number of events.
 WARNING: Particle 387614 underwent maximum number of events.
 WARNING: Particle 381428 underwent maximum number of events.
 WARNING: Particle 193770 underwent maximum number of events.
 WARNING: Particle 75136 underwent maximum number of events.
 WARNING: Particle 275183 underwent maximum number of events.
 WARNING: Particle 205 underwent maximum number of events.
 WARNING: Particle 168985 underwent maximum number of events.
 WARNING: Particle 56465 underwent maximum number of events.
 WARNING: Particle 262606 underwent maximum number of events.
 WARNING: Particle 25134 underwent maximum number of events.
 WARNING: Particle 450268 underwent maximum number of events.
 WARNING: Particle 37666 underwent maximum number of events.
 WARNING: Particle 469032 underwent maximum number of events.
 WARNING: Particle 218939 underwent maximum number of events.
 WARNING: Particle 18877 underwent maximum number of events.
 WARNING: Particle 225258 underwent maximum number of events.
 WARNING: Particle 206322 underwent maximum number of events.
 WARNING: Particle 187623 underwent maximum number of events.
 WARNING: Particle 469035 underwent maximum number of events.
 WARNING: Particle 331326 underwent maximum number of events.
 WARNING: Particle 400097 underwent maximum number of events.
 WARNING: Particle 425201 underwent maximum number of events.
 WARNING: Particle 306435 underwent maximum number of events.
 WARNING: Particle 43905 underwent maximum number of events.
 WARNING: Particle 368959 underwent maximum number of events.
 WARNING: Particle 231507 underwent maximum number of events.
 WARNING: Particle 343849 underwent maximum number of events.
 WARNING:  WARNING: Particle 494104 underwent maximum number of events.
Particle 431470 underwent maximum number of events.
 WARNING: Particle 256497 underwent maximum number of events.
 WARNING: Particle 281479 underwent maximum number of events.
 WARNING: Particle 393984 underwent maximum number of events.
 WARNING: Particle 318873 underwent maximum number of events.
 WARNING: Particle 156488 underwent maximum number of events.
 WARNING: Particle 62592 underwent maximum number of events.
 WARNING: Particle 212594 underwent maximum number of events.
 WARNING: Particle 68893 underwent maximum number of events.
 WARNING: Particle 325196 underwent maximum number of events.
 WARNING: Particle 300212 underwent maximum number of events.
 WARNING: Particle 494121 underwent maximum number of events.
 WARNING: Particle 443885 underwent maximum number of events.
 WARNING: Particle 456375 underwent maximum number of events.
 WARNING: Particle 268871 underwent maximum number of events.
 WARNING: Particle 112571 underwent maximum number of events.
 WARNING: Particle 350157 underwent maximum number of events.
 WARNING: Particle 475126 underwent maximum number of events.
 WARNING: Particle 375107 underwent maximum number of events.
 WARNING: Particle 175194 underwent maximum number of events.
 WARNING: Particle 75156 underwent maximum number of events.
 WARNING: Particle 87605 underwent maximum number of events.
 WARNING: Particle 6398 underwent maximum number of events.
 WARNING: Particle 462685 underwent maximum number of events.
 WARNING: Particle 162614 underwent maximum number of events.
 WARNING: Particle 100151 underwent maximum number of events.
 WARNING: Particle 106345 underwent maximum number of events.
 WARNING: Particle 18891 underwent maximum number of events.
 WARNING: Particle 12668 underwent maximum number of events.
 WARNING: Particle 362650 underwent maximum number of events.
 WARNING: Particle 31431 underwent maximum number of events.
 WARNING: Particle 181480 underwent maximum number of events.
 WARNING: Particle 93837 underwent maximum number of events.
 WARNING: Particle 294007 underwent maximum number of events.
 WARNING: Particle 406411 underwent maximum number of events.
 WARNING: Particle 337795 underwent maximum number of events.
 WARNING: Particle 237614 underwent maximum number of events.
 WARNING: Particle 412704 underwent maximum number of events.
 WARNING: Particle 243949 underwent maximum number of events.
 WARNING: Particle 144037 underwent maximum number of events.
 WARNING: Particle 481451 underwent maximum number of events.
 WARNING: Particle 50211 underwent maximum number of events.
 WARNING: Particle 137629 underwent maximum number of events.
 WARNING: Particle 150131 underwent maximum number of events.
 WARNING: Particle 487610 underwent maximum number of events.
 WARNING: Particle 437673 underwent maximum number of events.
 WARNING: Particle 75211 underwent maximum number of events.
 WARNING: Particle 118952 underwent maximum number of events.
 WARNING: Particle 287588 underwent maximum number of events.
 WARNING: Particle 381489 underwent maximum number of events.
 WARNING: Particle 312704 underwent maximum number of events.
 WARNING: Particle 81436 underwent maximum number of events.
 WARNING: Particle 56510 underwent maximum number of events.
 WARNING: Particle 294028 underwent maximum number of events.
 WARNING: Particle 131338 underwent maximum number of events.
 WARNING: Particle 200212 underwent maximum number of events.
 WARNING: Particle 262715 underwent maximum number of events.
 WARNING: Particle 25141 underwent maximum number of events.
 WARNING: Particle 193775 underwent maximum number of events.
 WARNING: Particle 243981 underwent maximum number of events.
 WARNING: Particle 387694 underwent maximum number of events.
 WARNING: Particle 419002 underwent maximum number of events.
 WARNING: Particle 275211 underwent maximum number of events.
 WARNING: Particle 37675 underwent maximum number of events.
 WARNING: Particle 356583 underwent maximum number of events.
 WARNING: Particle 218950 underwent maximum number of events.
 WARNING: Particle 169041 underwent maximum number of events.
 WARNING: Particle 312755 underwent maximum number of events.
 WARNING: Particle 294030 underwent maximum number of events.
 WARNING: Particle 450334 underwent maximum number of events.
 WARNING: Particle 43925 underwent maximum number of events.
 WARNING: Particle 469146 underwent maximum number of events.
 WARNING: Particle 225291 underwent maximum number of events.
 WARNING: Particle 125111 underwent maximum number of events.
 WARNING: Particle 275214 underwent maximum number of events.
 WARNING: Particle 400104 underwent maximum number of events.
 WARNING: Particle 250177 underwent maximum number of events.
 WARNING: Particle 462712 underwent maximum number of events.
 WARNING: Particle 187651 underwent maximum number of events.
 WARNING: Particle 169048 underwent maximum number of events.
 WARNING: Particle 331381 underwent maximum number of events.
 WARNING: Particle 231507 underwent maximum number of events.
 WARNING: Particle 431507 underwent maximum number of events.
 WARNING: Particle 206337 underwent maximum number of events.
 WARNING: Particle 343886 underwent maximum number of events.
 WARNING: Particle 368965 underwent maximum number of events.
 WARNING: Particle 306485 underwent maximum number of events.
 WARNING: Particle 125119 underwent maximum number of events.
 WARNING: Particle 394010 underwent maximum number of events.
 WARNING: Particle 425228 underwent maximum number of events.
 WARNING: Particle 256529 underwent maximum number of events.
 WARNING: Particle 212611 underwent maximum number of events.
 WARNING: Particle 318886 underwent maximum number of events.
 WARNING: Particle 62598 underwent maximum number of events.
 WARNING: Particle 237626 underwent maximum number of events.
 WARNING: Particle 412712 underwent maximum number of events.
 WARNING: Particle 156493 underwent maximum number of events.
 WARNING: Particle 68929 underwent maximum number of events.
 WARNING: Particle 281490 underwent maximum number of events.
 WARNING: Particle 443905 underwent maximum number of events.
 WARNING: Particle 100160 underwent maximum number of events.
 WARNING: Particle 247 underwent maximum number of events.
 WARNING: Particle 300219 underwent maximum number of events.
 WARNING: Particle 325256 underwent maximum number of events.
 WARNING: Particle 268877 underwent maximum number of events.
 WARNING: Particle 162628 underwent maximum number of events.
 WARNING: Particle 256594 underwent maximum number of events.
 WARNING: Particle 475152 underwent maximum number of events.
 WARNING: Particle 18910 underwent maximum number of events.
 WARNING: Particle 456379 underwent maximum number of events.
 WARNING: Particle 112591 underwent maximum number of events.
 WARNING: Particle 25153 underwent maximum number of events.
 WARNING: Particle 175249 underwent maximum number of events.
 WARNING: Particle 350178 underwent maximum number of events.
 WARNING: Particle 6402 underwent maximum number of events.
 WARNING: Particle 494208 underwent maximum number of events.
 WARNING: Particle 68948 underwent maximum number of events.
 WARNING: Particle 31435 underwent maximum number of events.
 WARNING: Particle 106384 underwent maximum number of events.
 WARNING: Particle 219035 underwent maximum number of events.
 WARNING: Particle 12672 underwent maximum number of events.
 WARNING: Particle 87610 underwent maximum number of events.
 WARNING: Particle 50247 underwent maximum number of events.
 WARNING: Particle 175252 underwent maximum number of events.
 WARNING: Particle 487626 underwent maximum number of events.
 WARNING: Particle 337798 underwent maximum number of events.
 WARNING: Particle 375178 underwent maximum number of events.
 WARNING: Particle 181531 underwent maximum number of events.
 WARNING: Particle 406423 underwent maximum number of events.
 WARNING: Particle 150155 underwent maximum number of events.
 WARNING: Particle 362656 underwent maximum number of events.
 WARNING: Particle 87624 underwent maximum number of events.
 WARNING: Particle 243996 underwent maximum number of events.
 WARNING: Particle 193777 underwent maximum number of events.
 WARNING: Particle 481456 underwent maximum number of events.
 WARNING: Particle 56597 underwent maximum number of events.
 WARNING: Particle 93862 underwent maximum number of events.
 WARNING: Particle 287606 underwent maximum number of events.
 WARNING: Particle 381508 underwent maximum number of events.
 WARNING: Particle 437731 underwent maximum number of events.
 WARNING: Particle 200221 underwent maximum number of events.
 WARNING: Particle 144039 underwent maximum number of events.
 WARNING: Particle 131346 underwent maximum number of events.
 WARNING: Particle 137642 underwent maximum number of events.
 WARNING: Particle 262731 underwent maximum number of events.
 WARNING: Particle 118962 underwent maximum number of events.
 WARNING: Particle 387723 underwent maximum number of events.
 WARNING: Particle 43967 underwent maximum number of events.
 WARNING: Particle 75304 underwent maximum number of events.
 WARNING: Particle 469190 underwent maximum number of events.
 WARNING: Particle 244007 underwent maximum number of events.
 WARNING: Particle 225316 underwent maximum number of events.
 WARNING: Particle 450412 underwent maximum number of events.
 WARNING: Particle 419005 underwent maximum number of events.
 WARNING: Particle 56639 underwent maximum number of events.
 WARNING: Particle 81469 underwent maximum number of events.
 WARNING: Particle 312760 underwent maximum number of events.
 WARNING: Particle 294062 underwent maximum number of events.
 WARNING: Particle 356607 underwent maximum number of events.
 WARNING: Particle 187657 underwent maximum number of events.
 WARNING: Particle 231535 underwent maximum number of events.
 WARNING: Particle 306547 underwent maximum number of events.
 WARNING: Particle 400155 underwent maximum number of events.
 WARNING: Particle 37722 underwent maximum number of events.
 WARNING: Particle 419033 underwent maximum number of events.
 WARNING: Particle 425231 underwent maximum number of events.
 WARNING: Particle 318891 underwent maximum number of events.
 WARNING: Particle 206369 underwent maximum number of events.
 WARNING: Particle 369003 underwent maximum number of events.
 WARNING: Particle 106439 underwent maximum number of events.
 WARNING: Particle 275239 underwent maximum number of events.
 WARNING: Particle 343888 underwent maximum number of events.
 WARNING: Particle 431575 underwent maximum number of events.
 WARNING: Particle 169153 underwent maximum number of events.
 WARNING: Particle 219090 underwent maximum number of events.
 WARNING: Particle 462723 underwent maximum number of events.
 WARNING: Particle 156536 underwent maximum number of events.
 WARNING: Particle 331383 underwent maximum number of events.
 WARNING: Particle 281498 underwent maximum number of events.
 WARNING: Particle 100177 underwent maximum number of events.
 WARNING: Particle 237652 underwent maximum number of events.
 WARNING: Particle 325284 underwent maximum number of events.
 WARNING:  WARNING: Particle 394026 underwent maximum number of events.
Particle 206372 underwent maximum number of events.
 WARNING: Particle 62602 underwent maximum number of events.
 WARNING: Particle 162647 underwent maximum number of events.
 WARNING: Particle 412724 underwent maximum number of events.
 WARNING: Particle 456387 underwent maximum number of events.
 WARNING: Particle 6415 underwent maximum number of events.
 WARNING: Particle 212636 underwent maximum number of events.
 WARNING: Particle 250188 underwent maximum number of events.
 WARNING: Particle 112625 underwent maximum number of events.
 WARNING: Particle 300245 underwent maximum number of events.
 WARNING: Particle 475173 underwent maximum number of events.
 WARNING: Particle 256618 underwent maximum number of events.
 WARNING: Particle 443927 underwent maximum number of events.
 WARNING: Particle 18915 underwent maximum number of events.
 WARNING: Particle 125137 underwent maximum number of events.
 WARNING: Particle 25177 underwent maximum number of events.
 WARNING: Particle 268922 underwent maximum number of events.
 WARNING: Particle 50260 underwent maximum number of events.
 WARNING: Particle 68951 underwent maximum number of events.
 WARNING: Particle 350178 underwent maximum number of events.
 WARNING: Particle 494236 underwent maximum number of events.
 WARNING: Particle 31457 underwent maximum number of events.
 WARNING: Particle 250 underwent maximum number of events.
 WARNING: Particle 250213 underwent maximum number of events.
 WARNING: Particle 12676 underwent maximum number of events.
 WARNING: Particle 406454 underwent maximum number of events.
 WARNING: Particle 350187 underwent maximum number of events.
 WARNING: Particle 93879 underwent maximum number of events.
 WARNING:  WARNING: Particle 181539 underwent maximum number of events.
Particle 87676 underwent maximum number of events.
 WARNING: Particle 175252 underwent maximum number of events.
 WARNING: Particle 337803 underwent maximum number of events.
 WARNING: Particle 487651 underwent maximum number of events.
 WARNING: Particle 437736 underwent maximum number of events.
 WARNING: Particle 343910 underwent maximum number of events.
 WARNING: Particle 137652 underwent maximum number of events.
 WARNING: Particle 200254 underwent maximum number of events.
 WARNING: Particle 193811 underwent maximum number of events.
 WARNING: Particle 262745 underwent maximum number of events.
 WARNING: Particle 43971 underwent maximum number of events.
 WARNING: Particle 481510 underwent maximum number of events.
 WARNING: Particle 287632 underwent maximum number of events.
 WARNING:  WARNING: Particle 131353 underwent maximum number of events.
Particle 150164 underwent maximum number of events.
 WARNING: Particle 362685 underwent maximum number of events.
 WARNING: Particle 118979 underwent maximum number of events.
 WARNING: Particle 337813 underwent maximum number of events.
 WARNING: Particle 144043 underwent maximum number of events.
 WARNING: Particle 75308 underwent maximum number of events.
 WARNING: Particle 387760 underwent maximum number of events.
 WARNING: Particle 94022 underwent maximum number of events.
 WARNING: Particle 244025 underwent maximum number of events.
 WARNING: Particle 412743 underwent maximum number of events.
 WARNING: Particle 81494 underwent maximum number of events.
 WARNING: Particle 225318 underwent maximum number of events.
 WARNING: Particle 450419 underwent maximum number of events.
 WARNING: Particle 381615 underwent maximum number of events.
 WARNING: Particle 312836 underwent maximum number of events.
 WARNING: Particle 475198 underwent maximum number of events.
 WARNING: Particle 356629 underwent maximum number of events.
 WARNING: Particle 400176 underwent maximum number of events.
 WARNING: Particle 187705 underwent maximum number of events.
 WARNING: Particle 294088 underwent maximum number of events.
 WARNING: Particle 306549 underwent maximum number of events.
 WARNING: Particle 169153 underwent maximum number of events.
 WARNING: Particle 369044 underwent maximum number of events.
 WARNING: Particle 469318 underwent maximum number of events.
 WARNING: Particle 106461 underwent maximum number of events.
 WARNING: Particle 219095 underwent maximum number of events.
 WARNING: Particle 231581 underwent maximum number of events.
 WARNING: Particle 375207 underwent maximum number of events.
 WARNING: Particle 37743 underwent maximum number of events.
 WARNING: Particle 425254 underwent maximum number of events.
 WARNING: Particle 381621 underwent maximum number of events.
 WARNING: Particle 56706 underwent maximum number of events.
 WARNING: Particle 419048 underwent maximum number of events.
 WARNING: Particle 318945 underwent maximum number of events.
 WARNING: Particle 431582 underwent maximum number of events.
 WARNING: Particle 275250 underwent maximum number of events.
 WARNING: Particle 162648 underwent maximum number of events.
 WARNING: Particle 394069 underwent maximum number of events.
 WARNING: Particle 100240 underwent maximum number of events.
 WARNING: Particle 175253 underwent maximum number of events.
 WARNING: Particle 206382 underwent maximum number of events.
 WARNING: Particle 456396 underwent maximum number of events.
 WARNING: Particle 281517 underwent maximum number of events.
 WARNING: Particle 156595 underwent maximum number of events.
 WARNING: Particle 62604 underwent maximum number of events.
 WARNING: Particle 462748 underwent maximum number of events.
 WARNING: Particle 419057 underwent maximum number of events.
 WARNING: Particle 331400 underwent maximum number of events.
 WARNING: Particle 6418 underwent maximum number of events.
 WARNING: Particle 219143 underwent maximum number of events.
 WARNING: Particle 25189 underwent maximum number of events.
 WARNING: Particle 237655 underwent maximum number of events.
 WARNING: Particle 325303 underwent maximum number of events.
 WARNING: Particle 150178 underwent maximum number of events.
 WARNING: Particle 18938 underwent maximum number of events.
 WARNING: Particle 212684 underwent maximum number of events.
 WARNING: Particle 112626 underwent maximum number of events.
 WARNING: Particle 62636 underwent maximum number of events.
 WARNING: Particle 337839 underwent maximum number of events.
 WARNING: Particle 268945 underwent maximum number of events.
 WARNING: Particle 281575 underwent maximum number of events.
 WARNING:  WARNING: Particle 50270 underwent maximum number of events.
Particle 256643 underwent maximum number of events.
 WARNING: Particle 331403 underwent maximum number of events.
 WARNING: Particle 444016 underwent maximum number of events.
 WARNING: Particle 6448 underwent maximum number of events.
 WARNING: Particle 12678 underwent maximum number of events.
 WARNING:  WARNING: Particle 68957 underwent maximum number of events.
Particle 494271 underwent maximum number of events.
 WARNING: Particle 300255 underwent maximum number of events.
 WARNING: Particle 81499 underwent maximum number of events.
 WARNING: Particle 312852 underwent maximum number of events.
 WARNING: Particle 237683 underwent maximum number of events.
 WARNING: Particle 487685 underwent maximum number of events.
 WARNING: Particle 137653 underwent maximum number of events.
 WARNING: Particle 31465 underwent maximum number of events.
 WARNING: Particle 343921 underwent maximum number of events.
 WARNING: Particle 87679 underwent maximum number of events.
 WARNING: Particle 125142 underwent maximum number of events.
 WARNING: Particle 200266 underwent maximum number of events.
 WARNING: Particle 181550 underwent maximum number of events.
 WARNING: Particle 406472 underwent maximum number of events.
 WARNING: Particle 131363 underwent maximum number of events.
 WARNING: Particle 481555 underwent maximum number of events.
 WARNING: Particle 362690 underwent maximum number of events.
 WARNING: Particle 350211 underwent maximum number of events.
 WARNING: Particle 175265 underwent maximum number of events.
 WARNING: Particle 193830 underwent maximum number of events.
 WARNING: Particle 31473 underwent maximum number of events.
 WARNING: Particle 144113 underwent maximum number of events.
 WARNING: Particle 262752 underwent maximum number of events.
 WARNING: Particle 244028 underwent maximum number of events.
 WARNING: Particle 287664 underwent maximum number of events.
 WARNING: Particle 437743 underwent maximum number of events.
 WARNING: Particle 75351 underwent maximum number of events.
 WARNING: Particle 225322 underwent maximum number of events.
 WARNING: Particle 44074 underwent maximum number of events.
 WARNING: Particle 94028 underwent maximum number of events.
 WARNING: Particle 450420 underwent maximum number of events.
 WARNING: Particle 258 underwent maximum number of events.
 WARNING: Particle 356645 underwent maximum number of events.
 WARNING: Particle 119012 underwent maximum number of events.
 WARNING: Particle 169157 underwent maximum number of events.
 WARNING: Particle 475220 underwent maximum number of events.
 WARNING: Particle 387773 underwent maximum number of events.
 WARNING: Particle 437761 underwent maximum number of events.
 WARNING: Particle 250229 underwent maximum number of events.
 WARNING: Particle 412746 underwent maximum number of events.
 WARNING: Particle 306592 underwent maximum number of events.
 WARNING: Particle 469323 underwent maximum number of events.
 WARNING: Particle 294099 underwent maximum number of events.
 WARNING: Particle 106472 underwent maximum number of events.
 WARNING: Particle 187713 underwent maximum number of events.
 WARNING: Particle 37745 underwent maximum number of events.
 WARNING: Particle 369048 underwent maximum number of events.
 WARNING: Particle 400196 underwent maximum number of events.
 WARNING: Particle 456418 underwent maximum number of events.
 WARNING: Particle 431593 underwent maximum number of events.
 WARNING: Particle 275254 underwent maximum number of events.
 WARNING: Particle 156600 underwent maximum number of events.
 WARNING: Particle 318948 underwent maximum number of events.
 WARNING: Particle 381731 underwent maximum number of events.
 WARNING: Particle 425317 underwent maximum number of events.
 WARNING: Particle 100251 underwent maximum number of events.
 WARNING: Particle 56717 underwent maximum number of events.
 WARNING: Particle 106487 underwent maximum number of events.
 WARNING: Particle 394109 underwent maximum number of events.
 WARNING: Particle 87688 underwent maximum number of events.
 WARNING: Particle 462749 underwent maximum number of events.
 WARNING: Particle 206401 underwent maximum number of events.
 WARNING: Particle 325317 underwent maximum number of events.
 WARNING: Particle 231699 underwent maximum number of events.
 WARNING: Particle 150189 underwent maximum number of events.
 WARNING: Particle 25202 underwent maximum number of events.
 WARNING: Particle 256654 underwent maximum number of events.
 WARNING: Particle 100273 underwent maximum number of events.
 WARNING: Particle 106492 underwent maximum number of events.
 WARNING: Particle 394118 underwent maximum number of events.
 WARNING: Particle 419091 underwent maximum number of events.
 WARNING: Particle 18945 underwent maximum number of events.
 WARNING: Particle 162679 underwent maximum number of events.
 WARNING: Particle 331439 underwent maximum number of events.
 WARNING: Particle 12701 underwent maximum number of events.
 WARNING: Particle 494312 underwent maximum number of events.
 WARNING: Particle 50287 underwent maximum number of events.
 WARNING: Particle 312862 underwent maximum number of events.
 WARNING: Particle 219200 underwent maximum number of events.
 WARNING: Particle 268967 underwent maximum number of events.
 WARNING: Particle 6449 underwent maximum number of events.
 WARNING: Particle 112639 underwent maximum number of events.
 WARNING: Particle 281605 underwent maximum number of events.
 WARNING: Particle 62671 underwent maximum number of events.
 WARNING: Particle 375218 underwent maximum number of events.
 WARNING: Particle 337870 underwent maximum number of events.
 WARNING: Particle 487692 underwent maximum number of events.
 WARNING: Particle 300266 underwent maximum number of events.
 WARNING: Particle 68996 underwent maximum number of events.
 WARNING: Particle 81514 underwent maximum number of events.
 WARNING: Particle 444024 underwent maximum number of events.
 WARNING: Particle 200274 underwent maximum number of events.
 WARNING: Particle 212685 underwent maximum number of events.
 WARNING: Particle 481559 underwent maximum number of events.
 WARNING: Particle 469336 underwent maximum number of events.
 WARNING: Particle 350241 underwent maximum number of events.
 WARNING: Particle 431612 underwent maximum number of events.
 WARNING: Particle 268992 underwent maximum number of events.
 WARNING: Particle 343935 underwent maximum number of events.
 WARNING: Particle 300290 underwent maximum number of events.
 WARNING: Particle 137664 underwent maximum number of events.
 WARNING: Particle 193849 underwent maximum number of events.
 WARNING: Particle 237686 underwent maximum number of events.
 WARNING: Particle 181587 underwent maximum number of events.
 WARNING: Particle 287753 underwent maximum number of events.
 WARNING: Particle 131488 underwent maximum number of events.
 WARNING: Particle 362710 underwent maximum number of events.
 WARNING: Particle 75434 underwent maximum number of events.
 WARNING: Particle 31498 underwent maximum number of events.
 WARNING: Particle 356654 underwent maximum number of events.
 WARNING: Particle 406516 underwent maximum number of events.
 WARNING: Particle 144129 underwent maximum number of events.
 WARNING: Particle 262792 underwent maximum number of events.
 WARNING: Particle 350243 underwent maximum number of events.
 WARNING: Particle 450436 underwent maximum number of events.
 WARNING: Particle 94075 underwent maximum number of events.
 WARNING: Particle 475235 underwent maximum number of events.
 WARNING: Particle 169174 underwent maximum number of events.
 WARNING: Particle 119029 underwent maximum number of events.
 WARNING: Particle 75450 underwent maximum number of events.
 WARNING: Particle 437776 underwent maximum number of events.
 WARNING: Particle 244049 underwent maximum number of events.
 WARNING: Particle 44086 underwent maximum number of events.
 WARNING: Particle 125144 underwent maximum number of events.
 WARNING: Particle 256658 underwent maximum number of events.
 WARNING: Particle 175367 underwent maximum number of events.
 WARNING: Particle 387789 underwent maximum number of events.
 WARNING: Particle 412759 underwent maximum number of events.
 WARNING: Particle 225331 underwent maximum number of events.
 WARNING: Particle 219236 underwent maximum number of events.
 WARNING: Particle 37781 underwent maximum number of events.
 WARNING: Particle 294137 underwent maximum number of events.
 WARNING: Particle 169226 underwent maximum number of events.
 WARNING: Particle 306594 underwent maximum number of events.
 WARNING: Particle 156622 underwent maximum number of events.
 WARNING: Particle 268 underwent maximum number of events.
 WARNING: Particle 369107 underwent maximum number of events.
 WARNING: Particle 400199 underwent maximum number of events.
 WARNING: Particle 425324 underwent maximum number of events.
 WARNING: Particle 412763 underwent maximum number of events.
 WARNING:  WARNING: Particle 381760 underwent maximum number of events.
Particle 193854 underwent maximum number of events.
 WARNING: Particle 456457 underwent maximum number of events.
 WARNING: Particle 318991 underwent maximum number of events.
 WARNING: Particle 481572 underwent maximum number of events.
 WARNING: Particle 187718 underwent maximum number of events.
 WARNING: Particle 87726 underwent maximum number of events.
 WARNING: Particle 325392 underwent maximum number of events.
 WARNING: Particle 275301 underwent maximum number of events.
 WARNING: Particle 462750 underwent maximum number of events.
 WARNING: Particle 306617 underwent maximum number of events.
 WARNING: Particle 419102 underwent maximum number of events.
 WARNING: Particle 12708 underwent maximum number of events.
 WARNING: Particle 206445 underwent maximum number of events.
 WARNING: Particle 394145 underwent maximum number of events.
 WARNING: Particle 162705 underwent maximum number of events.
 WARNING: Particle 137710 underwent maximum number of events.
 WARNING: Particle 231700 underwent maximum number of events.
 WARNING: Particle 494321 underwent maximum number of events.
 WARNING: Particle 56753 underwent maximum number of events.
 WARNING: Particle 412809 underwent maximum number of events.
 WARNING: Particle 144132 underwent maximum number of events.
 WARNING: Particle 250263 underwent maximum number of events.
 WARNING: Particle 281610 underwent maximum number of events.
 WARNING: Particle 150235 underwent maximum number of events.
 WARNING: Particle 6452 underwent maximum number of events.
 WARNING: Particle 312873 underwent maximum number of events.
 WARNING: Particle 50319 underwent maximum number of events.
 WARNING: Particle 406574 underwent maximum number of events.
 WARNING: Particle 137768 underwent maximum number of events.
 WARNING: Particle 444035 underwent maximum number of events.
 WARNING: Particle 100283 underwent maximum number of events.
 WARNING: Particle 337979 underwent maximum number of events.
 WARNING: Particle 331450 underwent maximum number of events.
 WARNING: Particle 112660 underwent maximum number of events.
 WARNING: Particle 487729 underwent maximum number of events.
 WARNING: Particle 212725 underwent maximum number of events.
 WARNING: Particle 18983 underwent maximum number of events.
 WARNING: Particle 69004 underwent maximum number of events.
 WARNING: Particle 25276 underwent maximum number of events.
 WARNING: Particle 62724 underwent maximum number of events.
 WARNING: Particle 81531 underwent maximum number of events.
 WARNING: Particle 106561 underwent maximum number of events.
 WARNING: Particle 231713 underwent maximum number of events.
 WARNING: Particle 250289 underwent maximum number of events.
 WARNING: Particle 469348 underwent maximum number of events.
 WARNING: Particle 200283 underwent maximum number of events.
 WARNING: Particle 300306 underwent maximum number of events.
 WARNING: Particle 406607 underwent maximum number of events.
 WARNING: Particle 244064 underwent maximum number of events.
 WARNING: Particle 181596 underwent maximum number of events.
 WARNING: Particle 131542 underwent maximum number of events.
 WARNING: Particle 431624 underwent maximum number of events.
 WARNING: Particle 25342 underwent maximum number of events.
 WARNING: Particle 250317 underwent maximum number of events.
 WARNING: Particle 343995 underwent maximum number of events.
 WARNING: Particle 125190 underwent maximum number of events.
 WARNING: Particle 237740 underwent maximum number of events.
 WARNING: Particle 112675 underwent maximum number of events.
 WARNING: Particle 287772 underwent maximum number of events.
 WARNING: Particle 31529 underwent maximum number of events.
 WARNING: Particle 269032 underwent maximum number of events.
 WARNING: Particle 94096 underwent maximum number of events.
 WARNING: Particle 119037 underwent maximum number of events.
 WARNING: Particle 350255 underwent maximum number of events.
 WARNING: Particle 356709 underwent maximum number of events.
 WARNING: Particle 344012 underwent maximum number of events.
 WARNING: Particle 362784 underwent maximum number of events.
 WARNING: Particle 375238 underwent maximum number of events.
 WARNING: Particle 169232 underwent maximum number of events.
 WARNING: Particle 262830 underwent maximum number of events.
 WARNING: Particle 256662 underwent maximum number of events.
 WARNING: Particle 450437 underwent maximum number of events.
 WARNING: Particle 75476 underwent maximum number of events.
 WARNING: Particle 475282 underwent maximum number of events.
 WARNING: Particle 175373 underwent maximum number of events.
 WARNING: Particle 156663 underwent maximum number of events.
 WARNING: Particle 369117 underwent maximum number of events.
 WARNING: Particle 225369 underwent maximum number of events.
 WARNING: Particle 6464 underwent maximum number of events.
 WARNING: Particle 219241 underwent maximum number of events.
 WARNING: Particle 425331 underwent maximum number of events.
 WARNING: Particle 294145 underwent maximum number of events.
 WARNING: Particle 387792 underwent maximum number of events.
 WARNING:  WARNING: Particle 437779 underwent maximum number of events.
Particle 231785 underwent maximum number of events.
 WARNING: Particle 37810 underwent maximum number of events.
 WARNING: Particle 193863 underwent maximum number of events.
 WARNING: Particle 381785 underwent maximum number of events.
 WARNING: Particle 481613 underwent maximum number of events.
 WARNING: Particle 87742 underwent maximum number of events.
 WARNING: Particle 456514 underwent maximum number of events.
 WARNING: Particle 187759 underwent maximum number of events.
 WARNING: Particle 400245 underwent maximum number of events.
 WARNING: Particle 244089 underwent maximum number of events.
 WARNING: Particle 306644 underwent maximum number of events.
 WARNING: Particle 462769 underwent maximum number of events.
 WARNING: Particle 44198 underwent maximum number of events.
 WARNING: Particle 318993 underwent maximum number of events.
 WARNING: Particle 437780 underwent maximum number of events.
 WARNING: Particle 206446 underwent maximum number of events.
 WARNING: Particle 275304 underwent maximum number of events.
 WARNING: Particle 281632 underwent maximum number of events.
 WARNING: Particle 144183 underwent maximum number of events.
 WARNING: Particle 87752 underwent maximum number of events.
 WARNING: Particle 37882 underwent maximum number of events.
 WARNING: Particle 162739 underwent maximum number of events.
 WARNING: Particle 231798 underwent maximum number of events.
 WARNING: Particle 419135 underwent maximum number of events.
 WARNING: Particle 150236 underwent maximum number of events.
 WARNING: Particle 394154 underwent maximum number of events.
 WARNING: Particle 337979 underwent maximum number of events.
 WARNING: Particle 325512 underwent maximum number of events.
 WARNING: Particle 494359 underwent maximum number of events.
 WARNING: Particle 12737 underwent maximum number of events.
 WARNING: Particle 56859 underwent maximum number of events.
 WARNING: Particle 412820 underwent maximum number of events.
 WARNING: Particle 325 underwent maximum number of events.
 WARNING: Particle 312891 underwent maximum number of events.
 WARNING: Particle 444058 underwent maximum number of events.
 WARNING: Particle 18988 underwent maximum number of events.
 WARNING: Particle 100361 underwent maximum number of events.
 WARNING: Particle 262889 underwent maximum number of events.
 WARNING: Particle 200344 underwent maximum number of events.
 WARNING: Particle 137799 underwent maximum number of events.
 WARNING: Particle 331478 underwent maximum number of events.
 WARNING: Particle 62731 underwent maximum number of events.
 WARNING: Particle 50338 underwent maximum number of events.
 WARNING: Particle 394237 underwent maximum number of events.
 WARNING: Particle 487735 underwent maximum number of events.
 WARNING: Particle 294174 underwent maximum number of events.
 WARNING: Particle 81622 underwent maximum number of events.
 WARNING: Particle 300333 underwent maximum number of events.
 WARNING: Particle 469402 underwent maximum number of events.
 WARNING: Particle 69008 underwent maximum number of events.
 WARNING: Particle 181624 underwent maximum number of events.
 WARNING: Particle 106596 underwent maximum number of events.
 WARNING: Particle 112722 underwent maximum number of events.
 WARNING: Particle 212768 underwent maximum number of events.
 WARNING: Particle 444068 underwent maximum number of events.
 WARNING: Particle 269076 underwent maximum number of events.
 WARNING: Particle 431641 underwent maximum number of events.
 WARNING: Particle 25346 underwent maximum number of events.
 WARNING: Particle 94098 underwent maximum number of events.
 WARNING: Particle 131565 underwent maximum number of events.
 WARNING: Particle 237755 underwent maximum number of events.
 WARNING: Particle 406658 underwent maximum number of events.
 WARNING: Particle 31569 underwent maximum number of events.
 WARNING: Particle 287811 underwent maximum number of events.
 WARNING: Particle 119054 underwent maximum number of events.
 WARNING: Particle 356710 underwent maximum number of events.
 WARNING: Particle 25347 underwent maximum number of events.
 WARNING: Particle 350259 underwent maximum number of events.
 WARNING: Particle 344033 underwent maximum number of events.
 WARNING: Particle 12742 underwent maximum number of events.
 WARNING: Particle 362784 underwent maximum number of events.
 WARNING: Particle 169250 underwent maximum number of events.
 WARNING: Particle 219259 underwent maximum number of events.
 WARNING: Particle 450440 underwent maximum number of events.
 WARNING: Particle 425373 underwent maximum number of events.
 WARNING: Particle 19009 underwent maximum number of events.
 WARNING: Particle 256681 underwent maximum number of events.
 WARNING: Particle 369125 underwent maximum number of events.
 WARNING: Particle 6481 underwent maximum number of events.
 WARNING: Particle 475340 underwent maximum number of events.
 WARNING: Particle 44202 underwent maximum number of events.
 WARNING: Particle 400246 underwent maximum number of events.
 WARNING: Particle 193934 underwent maximum number of events.
 WARNING: Particle 312943 underwent maximum number of events.
 WARNING: Particle 250318 underwent maximum number of events.
 WARNING: Particle 306680 underwent maximum number of events.
 WARNING: Particle 175424 underwent maximum number of events.
 WARNING: Particle 156760 underwent maximum number of events.
 WARNING: Particle 381792 underwent maximum number of events.
 WARNING: Particle 75497 underwent maximum number of events.
 WARNING: Particle 169275 underwent maximum number of events.
 WARNING: Particle 387799 underwent maximum number of events.
 WARNING: Particle 206455 underwent maximum number of events.
 WARNING: Particle 456542 underwent maximum number of events.
 WARNING: Particle 244107 underwent maximum number of events.
 WARNING: Particle 369130 underwent maximum number of events.
 WARNING: Particle 462815 underwent maximum number of events.
 WARNING: Particle 144186 underwent maximum number of events.
 WARNING: Particle 44206 underwent maximum number of events.
 WARNING: Particle 225387 underwent maximum number of events.
 WARNING: Particle 319001 underwent maximum number of events.
 WARNING: Particle 437781 underwent maximum number of events.
 WARNING: Particle 187817 underwent maximum number of events.
 WARNING: Particle 481644 underwent maximum number of events.
 WARNING: Particle 181634 underwent maximum number of events.
 WARNING: Particle 231799 underwent maximum number of events.
 WARNING: Particle 419144 underwent maximum number of events.
 WARNING: Particle 306686 underwent maximum number of events.
 WARNING: Particle 125207 underwent maximum number of events.
 WARNING: Particle 275312 underwent maximum number of events.
 WARNING: Particle 281640 underwent maximum number of events.
 WARNING: Particle 150261 underwent maximum number of events.
 WARNING: Particle 162747 underwent maximum number of events.
 WARNING: Particle 325564 underwent maximum number of events.
 WARNING: Particle 37943 underwent maximum number of events.
 WARNING: Particle 375264 underwent maximum number of events.
 WARNING: Particle 231815 underwent maximum number of events.
 WARNING: Particle 87756 underwent maximum number of events.
 WARNING: Particle 56884 underwent maximum number of events.
 WARNING: Particle 225472 underwent maximum number of events.
 WARNING: Particle 338024 underwent maximum number of events.
 WARNING: Particle 262893 underwent maximum number of events.
 WARNING: Particle 62783 underwent maximum number of events.
 WARNING: Particle 331502 underwent maximum number of events.
 WARNING: Particle 494383 underwent maximum number of events.
 WARNING: Particle 81629 underwent maximum number of events.
 WARNING: Particle 487741 underwent maximum number of events.
 WARNING: Particle 100388 underwent maximum number of events.
 WARNING: Particle 50390 underwent maximum number of events.
 WARNING: Particle 37966 underwent maximum number of events.
 WARNING: Particle 200367 underwent maximum number of events.
 WARNING: Particle 137831 underwent maximum number of events.
 WARNING: Particle 469429 underwent maximum number of events.
 WARNING: Particle 412837 underwent maximum number of events.
 WARNING: Particle 56890 underwent maximum number of events.
 WARNING: Particle 294181 underwent maximum number of events.
 WARNING: Particle 326 underwent maximum number of events.
 WARNING: Particle 300366 underwent maximum number of events.
 WARNING: Particle 112750 underwent maximum number of events.
 WARNING: Particle 200367 underwent maximum number of events.
 WARNING: Particle 269094 underwent maximum number of events.
 WARNING: Particle 94114 underwent maximum number of events.
 WARNING: Particle 212815 underwent maximum number of events.
 WARNING: Particle 394299 underwent maximum number of events.
 WARNING: Particle 106626 underwent maximum number of events.
 WARNING: Particle 56925 underwent maximum number of events.
 WARNING: Particle 287829 underwent maximum number of events.
 WARNING: Particle 444088 underwent maximum number of events.
 WARNING: Particle 25359 underwent maximum number of events.
 WARNING: Particle 431652 underwent maximum number of events.
 WARNING: Particle 131598 underwent maximum number of events.
 WARNING: Particle 31582 underwent maximum number of events.
 WARNING: Particle 69008 underwent maximum number of events.
 WARNING: Particle 344089 underwent maximum number of events.
 WARNING: Particle 237811 underwent maximum number of events.
 WARNING: Particle 406790 underwent maximum number of events.
 WARNING: Particle 200417 underwent maximum number of events.
 WARNING: Particle 19025 underwent maximum number of events.
 WARNING: Particle 6521 underwent maximum number of events.
 WARNING: Particle 362792 underwent maximum number of events.
 WARNING: Particle 12852 underwent maximum number of events.
 WARNING: Particle 131614 underwent maximum number of events.
 WARNING: Particle 394313 underwent maximum number of events.
 WARNING: Particle 356718 underwent maximum number of events.
 WARNING: Particle 312984 underwent maximum number of events.
 WARNING: Particle 219310 underwent maximum number of events.
 WARNING: Particle 350271 underwent maximum number of events.
 WARNING: Particle 156782 underwent maximum number of events.
 WARNING: Particle 119146 underwent maximum number of events.
 WARNING: Particle 200428 underwent maximum number of events.
 WARNING: Particle 425380 underwent maximum number of events.
 WARNING: Particle 406821 underwent maximum number of events.
 WARNING: Particle 81643 underwent maximum number of events.
 WARNING: Particle 462845 underwent maximum number of events.
 WARNING: Particle 256746 underwent maximum number of events.
 WARNING: Particle 169292 underwent maximum number of events.
 WARNING: Particle 450492 underwent maximum number of events.
 WARNING: Particle 193957 underwent maximum number of events.
 WARNING: Particle 419189 underwent maximum number of events.
 WARNING: Particle 412843 underwent maximum number of events.
 WARNING: Particle 381801 underwent maximum number of events.
 WARNING: Particle 400258 underwent maximum number of events.
 WARNING: Particle 456597 underwent maximum number of events.
 WARNING: Particle 475360 underwent maximum number of events.
 WARNING: Particle 313042 underwent maximum number of events.
 WARNING: Particle 244154 underwent maximum number of events.
 WARNING: Particle 369139 underwent maximum number of events.
 WARNING: Particle 44241 underwent maximum number of events.
 WARNING: Particle 150302 underwent maximum number of events.
 WARNING: Particle 406852 underwent maximum number of events.
 WARNING: Particle 437797 underwent maximum number of events.
 WARNING: Particle 181669 underwent maximum number of events.
 WARNING: Particle 387811 underwent maximum number of events.
 WARNING: Particle 75512 underwent maximum number of events.
 WARNING: Particle 325597 underwent maximum number of events.
 WARNING: Particle 319035 underwent maximum number of events.
 WARNING: Particle 169318 underwent maximum number of events.
 WARNING: Particle 175469 underwent maximum number of events.
 WARNING: Particle 144188 underwent maximum number of events.
 WARNING: Particle 481746 underwent maximum number of events.
 WARNING: Particle 206498 underwent maximum number of events.
 WARNING: Particle 275317 underwent maximum number of events.
 WARNING: Particle 187863 underwent maximum number of events.
 WARNING: Particle 250320 underwent maximum number of events.
 WARNING: Particle 106642 underwent maximum number of events.
 WARNING: Particle 162772 underwent maximum number of events.
 WARNING: Particle 369161 underwent maximum number of events.
 WARNING: Particle 306695 underwent maximum number of events.
 WARNING: Particle 281659 underwent maximum number of events.
 WARNING: Particle 62809 underwent maximum number of events.
 WARNING: Particle 338059 underwent maximum number of events.
 WARNING: Particle 225479 underwent maximum number of events.
 WARNING: Particle 137847 underwent maximum number of events.
 WARNING: Particle 331503 underwent maximum number of events.
 WARNING: Particle 38010 underwent maximum number of events.
 WARNING: Particle 231880 underwent maximum number of events.
 WARNING: Particle 87758 underwent maximum number of events.
 WARNING: Particle 50401 underwent maximum number of events.
 WARNING: Particle 100403 underwent maximum number of events.
 WARNING: Particle 494407 underwent maximum number of events.
 WARNING: Particle 262897 underwent maximum number of events.
 WARNING: Particle 206566 underwent maximum number of events.
 WARNING: Particle 137849 underwent maximum number of events.
 WARNING: Particle 487775 underwent maximum number of events.
 WARNING: Particle 469453 underwent maximum number of events.
 WARNING: Particle 125234 underwent maximum number of events.
 WARNING: Particle 444092 underwent maximum number of events.
 WARNING: Particle 294209 underwent maximum number of events.
 WARNING: Particle 300372 underwent maximum number of events.
 WARNING: Particle 112786 underwent maximum number of events.
 WARNING: Particle 69012 underwent maximum number of events.
 WARNING: Particle 94120 underwent maximum number of events.
 WARNING: Particle 375266 underwent maximum number of events.
 WARNING: Particle 269112 underwent maximum number of events.
 WARNING: Particle 212828 underwent maximum number of events.
 WARNING: Particle 56944 underwent maximum number of events.
 WARNING: Particle 344092 underwent maximum number of events.
 WARNING: Particle 25402 underwent maximum number of events.
 WARNING: Particle 244161 underwent maximum number of events.
 WARNING: Particle 381861 underwent maximum number of events.
 WARNING: Particle 19036 underwent maximum number of events.
 WARNING: Particle 469508 underwent maximum number of events.
 WARNING: Particle 12873 underwent maximum number of events.
 WARNING: Particle 6547 underwent maximum number of events.
 WARNING: Particle 287873 underwent maximum number of events.
 WARNING: Particle 431658 underwent maximum number of events.
 WARNING: Particle 31596 underwent maximum number of events.
 WARNING: Particle 362822 underwent maximum number of events.
 WARNING: Particle 156830 underwent maximum number of events.
 WARNING: Particle 356725 underwent maximum number of events.
 WARNING: Particle 365 underwent maximum number of events.
 WARNING: Particle 12881 underwent maximum number of events.
 WARNING: Particle 425499 underwent maximum number of events.
 WARNING: Particle 62817 underwent maximum number of events.
 WARNING: Particle 256763 underwent maximum number of events.
 WARNING: Particle 237815 underwent maximum number of events.
 WARNING: Particle 219312 underwent maximum number of events.
 WARNING: Particle 119161 underwent maximum number of events.
 WARNING: Particle 450507 underwent maximum number of events.
 WARNING: Particle 350300 underwent maximum number of events.
 WARNING: Particle 412865 underwent maximum number of events.
 WARNING: Particle 394327 underwent maximum number of events.
 WARNING: Particle 475377 underwent maximum number of events.
 WARNING: Particle 313049 underwent maximum number of events.
 WARNING: Particle 419237 underwent maximum number of events.
 WARNING: Particle 44255 underwent maximum number of events.
 WARNING: Particle 200428 underwent maximum number of events.
 WARNING: Particle 100405 underwent maximum number of events.
 WARNING: Particle 81662 underwent maximum number of events.
 WARNING: Particle 262903 underwent maximum number of events.
 WARNING:  WARNING: Particle 131626 underwent maximum number of events.
Particle 437817 underwent maximum number of events.
 WARNING: Particle 362882 underwent maximum number of events.
 WARNING: Particle 387847 underwent maximum number of events.
 WARNING: Particle 175480 underwent maximum number of events.
 WARNING: Particle 193971 underwent maximum number of events.
 WARNING: Particle 456600 underwent maximum number of events.
 WARNING: Particle 181689 underwent maximum number of events.
 WARNING: Particle 400261 underwent maximum number of events.
 WARNING: Particle 319037 underwent maximum number of events.
 WARNING:  WARNING: Particle 313101 underwent maximum number of events.
Particle 462855 underwent maximum number of events.
 WARNING: Particle 75521 underwent maximum number of events.
 WARNING: Particle 406866 underwent maximum number of events.
 WARNING: Particle 81708 underwent maximum number of events.
 WARNING: Particle 481746 underwent maximum number of events.
 WARNING: Particle 281675 underwent maximum number of events.
 WARNING: Particle 169358 underwent maximum number of events.
 WARNING: Particle 275320 underwent maximum number of events.
 WARNING: Particle 187911 underwent maximum number of events.
 WARNING: Particle 331508 underwent maximum number of events.
 WARNING: Particle 225483 underwent maximum number of events.
 WARNING: Particle 369195 underwent maximum number of events.
 WARNING: Particle 38045 underwent maximum number of events.
 WARNING: Particle 381880 underwent maximum number of events.
 WARNING: Particle 144223 underwent maximum number of events.
 WARNING: Particle 150394 underwent maximum number of events.
 WARNING: Particle 325656 underwent maximum number of events.
 WARNING: Particle 306719 underwent maximum number of events.
 WARNING: Particle 106683 underwent maximum number of events.
 WARNING: Particle 338087 underwent maximum number of events.
 WARNING: Particle 169375 underwent maximum number of events.
 WARNING: Particle 206662 underwent maximum number of events.
 WARNING: Particle 87780 underwent maximum number of events.
 WARNING: Particle 50420 underwent maximum number of events.
 WARNING: Particle 494461 underwent maximum number of events.
 WARNING: Particle 231934 underwent maximum number of events.
 WARNING: Particle 150403 underwent maximum number of events.
 WARNING: Particle 162914 underwent maximum number of events.
 WARNING: Particle 137856 underwent maximum number of events.
 WARNING: Particle 69040 underwent maximum number of events.
 WARNING: Particle 269117 underwent maximum number of events.
 WARNING: Particle 437839 underwent maximum number of events.
 WARNING: Particle 412870 underwent maximum number of events.
 WARNING: Particle 487778 underwent maximum number of events.
 WARNING: Particle 212835 underwent maximum number of events.
 WARNING: Particle 56951 underwent maximum number of events.
 WARNING: Particle 344115 underwent maximum number of events.
 WARNING: Particle 300396 underwent maximum number of events.
 WARNING: Particle 494483 underwent maximum number of events.
 WARNING: Particle 94124 underwent maximum number of events.
 WARNING: Particle 162918 underwent maximum number of events.
 WARNING:  WARNING: Particle 444176 underwent maximum number of events.
Particle 250333 underwent maximum number of events.
 WARNING: Particle 294228 underwent maximum number of events.
 WARNING: Particle 112789 underwent maximum number of events.
 WARNING: Particle 244215 underwent maximum number of events.
 WARNING: Particle 19038 underwent maximum number of events.
 WARNING: Particle 313102 underwent maximum number of events.
 WARNING: Particle 156837 underwent maximum number of events.
 WARNING: Particle 469525 underwent maximum number of events.
 WARNING: Particle 6618 underwent maximum number of events.
 WARNING: Particle 12935 underwent maximum number of events.
 WARNING: Particle 31597 underwent maximum number of events.
 WARNING: Particle 25415 underwent maximum number of events.
 WARNING: Particle 287878 underwent maximum number of events.
 WARNING: Particle 119194 underwent maximum number of events.
 WARNING: Particle 256777 underwent maximum number of events.
 WARNING: Particle 219338 underwent maximum number of events.
 WARNING: Particle 431670 underwent maximum number of events.
 WARNING: Particle 375271 underwent maximum number of events.
 WARNING: Particle 475390 underwent maximum number of events.
 WARNING: Particle 100412 underwent maximum number of events.
 WARNING: Particle 44266 underwent maximum number of events.
 WARNING: Particle 294232 underwent maximum number of events.
 WARNING: Particle 450511 underwent maximum number of events.
 WARNING: Particle 356751 underwent maximum number of events.
 WARNING: Particle 237830 underwent maximum number of events.
 WARNING: Particle 131635 underwent maximum number of events.
 WARNING: Particle 425516 underwent maximum number of events.
 WARNING: Particle 394358 underwent maximum number of events.
 WARNING: Particle 387859 underwent maximum number of events.
 WARNING: Particle 262905 underwent maximum number of events.
 WARNING: Particle 350301 underwent maximum number of events.
 WARNING: Particle 200485 underwent maximum number of events.
 WARNING: Particle 419257 underwent maximum number of events.
 WARNING: Particle 81724 underwent maximum number of events.
 WARNING: Particle 319040 underwent maximum number of events.
 WARNING: Particle 75524 underwent maximum number of events.
 WARNING: Particle 481748 underwent maximum number of events.
 WARNING: Particle 62852 underwent maximum number of events.
 WARNING: Particle 125263 underwent maximum number of events.
 WARNING: Particle 362924 underwent maximum number of events.
 WARNING: Particle 281677 underwent maximum number of events.
 WARNING: Particle 193991 underwent maximum number of events.
 WARNING: Particle 175496 underwent maximum number of events.
 WARNING: Particle 400302 underwent maximum number of events.
 WARNING: Particle 456600 underwent maximum number of events.
 WARNING: Particle 237852 underwent maximum number of events.
 WARNING: Particle 381915 underwent maximum number of events.
 WARNING: Particle 144235 underwent maximum number of events.
 WARNING: Particle 462858 underwent maximum number of events.
 WARNING: Particle 369196 underwent maximum number of events.
 WARNING:  WARNING:  WARNING: Particle 275339 underwent maximum number of events.
Particle 187918 underwent maximum number of events.
Particle 376 underwent maximum number of events.
 WARNING: Particle 106700 underwent maximum number of events.
 WARNING: Particle 225529 underwent maximum number of events.
 WARNING: Particle 331516 underwent maximum number of events.
 WARNING: Particle 325678 underwent maximum number of events.
 WARNING: Particle 87783 underwent maximum number of events.
 WARNING: Particle 181700 underwent maximum number of events.
 WARNING: Particle 406947 underwent maximum number of events.
 WARNING: Particle 306762 underwent maximum number of events.
 WARNING: Particle 206674 underwent maximum number of events.
 WARNING: Particle 169404 underwent maximum number of events.
 WARNING: Particle 38051 underwent maximum number of events.
 WARNING: Particle 338143 underwent maximum number of events.
 WARNING: Particle 87790 underwent maximum number of events.
 WARNING: Particle 50422 underwent maximum number of events.
 WARNING: Particle 487820 underwent maximum number of events.
 WARNING:  WARNING: Particle 56954 underwent maximum number of events.
Particle 137934 underwent maximum number of events.
 WARNING: Particle 494488 underwent maximum number of events.
 WARNING: Particle 331546 underwent maximum number of events.
 WARNING: Particle 344126 underwent maximum number of events.
 WARNING: Particle 300416 underwent maximum number of events.
 WARNING: Particle 187927 underwent maximum number of events.
